# JRE version: OpenJDK Runtime Environment (17.0.9) (build 17.0.9+0--11185874)
# Java VM: OpenJDK 64-Bit Server VM (17.0.9+0--11185874, mixed mode, tiered, compressed oops, compressed class ptrs, g1 gc, windows-amd64)
GC Precious Log:
 CPUs: 8 total, 8 available
 Memory: 16179M
 Large Page Support: Disabled
 NUMA Support: Disabled
 Compressed Oops: Enabled (32-bit)
 Heap Region Size: 1M
 Heap Min Capacity: 8M
 Heap Initial Capacity: 254M
 Heap Max Capacity: 2G
 Pre-touch: Disabled
 Parallel Workers: 8
 Concurrent Workers: 2
 Concurrent Refinement Workers: 8
 Periodic GC: Disabled
Heap:
 garbage-first heap   total 291840K, used 146032K [0x0000000080000000, 0x0000000100000000)
  region size 1024K, 27 young (27648K), 11 survivors (11264K)
 Metaspace       used 106834K, committed 107712K, reserved 1179648K
  class space    used 14229K, committed 14656K, reserved 1048576K
GC Heap History (20 events):
Event: 8.692 GC heap before
{Heap before GC invocations=31 (full 0):
 garbage-first heap   total 146432K, used 116144K [0x0000000080000000, 0x0000000100000000)
  region size 1024K, 49 young (50176K), 2 survivors (2048K)
 Metaspace       used 87372K, committed 88064K, reserved 1179648K
  class space    used 12051K, committed 12352K, reserved 1048576K
}
Event: 8.696 GC heap after
{Heap after GC invocations=32 (full 0):
 garbage-first heap   total 146432K, used 70831K [0x0000000080000000, 0x0000000100000000)
  region size 1024K, 5 young (5120K), 5 survivors (5120K)
 Metaspace       used 87372K, committed 88064K, reserved 1179648K
  class space    used 12051K, committed 12352K, reserved 1048576K
}
Event: 8.718 GC heap before
{Heap before GC invocations=32 (full 0):
 garbage-first heap   total 146432K, used 72879K [0x0000000080000000, 0x0000000100000000)
  region size 1024K, 7 young (7168K), 5 survivors (5120K)
 Metaspace       used 87512K, committed 88192K, reserved 1179648K
  class space    used 12075K, committed 12416K, reserved 1048576K
}
Event: 8.721 GC heap after
{Heap after GC invocations=33 (full 0):
 garbage-first heap   total 146432K, used 70428K [0x0000000080000000, 0x0000000100000000)
  region size 1024K, 1 young (1024K), 1 survivors (1024K)
 Metaspace       used 87512K, committed 88192K, reserved 1179648K
  class space    used 12075K, committed 12416K, reserved 1048576K
}
Event: 9.145 GC heap before
{Heap before GC invocations=33 (full 0):
 garbage-first heap   total 146432K, used 117532K [0x0000000080000000, 0x0000000100000000)
  region size 1024K, 47 young (48128K), 1 survivors (1024K)
 Metaspace       used 92009K, committed 92736K, reserved 1179648K
  class space    used 12730K, committed 13056K, reserved 1048576K
}
Event: 9.149 GC heap after
{Heap after GC invocations=34 (full 0):
 garbage-first heap   total 291840K, used 72052K [0x0000000080000000, 0x0000000100000000)
  region size 1024K, 3 young (3072K), 3 survivors (3072K)
 Metaspace       used 92009K, committed 92736K, reserved 1179648K
  class space    used 12730K, committed 13056K, reserved 1048576K
}
Event: 10.349 GC heap before
{Heap before GC invocations=34 (full 0):
 garbage-first heap   total 291840K, used 233844K [0x0000000080000000, 0x0000000100000000)
  region size 1024K, 157 young (160768K), 3 survivors (3072K)
 Metaspace       used 97701K, committed 98432K, reserved 1179648K
  class space    used 13410K, committed 13760K, reserved 1048576K
}
Event: 10.358 GC heap after
{Heap after GC invocations=35 (full 0):
 garbage-first heap   total 291840K, used 88181K [0x0000000080000000, 0x0000000100000000)
  region size 1024K, 18 young (18432K), 18 survivors (18432K)
 Metaspace       used 97701K, committed 98432K, reserved 1179648K
  class space    used 13410K, committed 13760K, reserved 1048576K
}
Event: 10.997 GC heap before
{Heap before GC invocations=35 (full 0):
 garbage-first heap   total 291840K, used 207989K [0x0000000080000000, 0x0000000100000000)
  region size 1024K, 136 young (139264K), 18 survivors (18432K)
 Metaspace       used 98412K, committed 99200K, reserved 1179648K
  class space    used 13456K, committed 13824K, reserved 1048576K
}
Event: 11.009 GC heap after
{Heap after GC invocations=36 (full 0):
 garbage-first heap   total 291840K, used 96325K [0x0000000080000000, 0x0000000100000000)
  region size 1024K, 11 young (11264K), 11 survivors (11264K)
 Metaspace       used 98412K, committed 99200K, reserved 1179648K
  class space    used 13456K, committed 13824K, reserved 1048576K
}
Event: 11.407 GC heap before
{Heap before GC invocations=36 (full 0):
 garbage-first heap   total 291840K, used 217157K [0x0000000080000000, 0x0000000100000000)
  region size 1024K, 130 young (133120K), 11 survivors (11264K)
 Metaspace       used 98780K, committed 99456K, reserved 1179648K
  class space    used 13501K, committed 13824K, reserved 1048576K
}
Event: 11.416 GC heap after
{Heap after GC invocations=37 (full 0):
 garbage-first heap   total 291840K, used 102748K [0x0000000080000000, 0x0000000100000000)
  region size 1024K, 10 young (10240K), 10 survivors (10240K)
 Metaspace       used 98780K, committed 99456K, reserved 1179648K
  class space    used 13501K, committed 13824K, reserved 1048576K
}
Event: 11.970 GC heap before
{Heap before GC invocations=37 (full 0):
 garbage-first heap   total 291840K, used 225628K [0x0000000080000000, 0x0000000100000000)
  region size 1024K, 131 young (134144K), 10 survivors (10240K)
 Metaspace       used 100669K, committed 101376K, reserved 1179648K
  class space    used 13740K, committed 14080K, reserved 1048576K
}
Event: 11.979 GC heap after
{Heap after GC invocations=38 (full 0):
 garbage-first heap   total 291840K, used 107756K [0x0000000080000000, 0x0000000100000000)
  region size 1024K, 15 young (15360K), 15 survivors (15360K)
 Metaspace       used 100669K, committed 101376K, reserved 1179648K
  class space    used 13740K, committed 14080K, reserved 1048576K
}
Event: 20.964 GC heap before
{Heap before GC invocations=38 (full 0):
 garbage-first heap   total 291840K, used 228588K [0x0000000080000000, 0x0000000100000000)
  region size 1024K, 134 young (137216K), 15 survivors (15360K)
 Metaspace       used 105732K, committed 106496K, reserved 1179648K
  class space    used 14156K, committed 14528K, reserved 1048576K
}
Event: 20.983 GC heap after
{Heap after GC invocations=39 (full 0):
 garbage-first heap   total 291840K, used 116525K [0x0000000080000000, 0x0000000100000000)
  region size 1024K, 17 young (17408K), 17 survivors (17408K)
 Metaspace       used 105732K, committed 106496K, reserved 1179648K
  class space    used 14156K, committed 14528K, reserved 1048576K
}
Event: 27.090 GC heap before
{Heap before GC invocations=39 (full 0):
 garbage-first heap   total 291840K, used 231213K [0x0000000080000000, 0x0000000100000000)
  region size 1024K, 130 young (133120K), 17 survivors (17408K)
 Metaspace       used 106298K, committed 107136K, reserved 1179648K
  class space    used 14184K, committed 14592K, reserved 1048576K
}
Event: 27.105 GC heap after
{Heap after GC invocations=40 (full 0):
 garbage-first heap   total 291840K, used 129148K [0x0000000080000000, 0x0000000100000000)
  region size 1024K, 13 young (13312K), 13 survivors (13312K)
 Metaspace       used 106298K, committed 107136K, reserved 1179648K
  class space    used 14184K, committed 14592K, reserved 1048576K
}
Event: 56.590 GC heap before
{Heap before GC invocations=40 (full 0):
 garbage-first heap   total 291840K, used 230524K [0x0000000080000000, 0x0000000100000000)
  region size 1024K, 113 young (115712K), 13 survivors (13312K)
 Metaspace       used 106737K, committed 107520K, reserved 1179648K
  class space    used 14207K, committed 14592K, reserved 1048576K
}
Event: 56.639 GC heap after
{Heap after GC invocations=41 (full 0):
 garbage-first heap   total 291840K, used 130672K [0x0000000080000000, 0x0000000100000000)
  region size 1024K, 11 young (11264K), 11 survivors (11264K)
 Metaspace       used 106737K, committed 107520K, reserved 1179648K
  class space    used 14207K, committed 14592K, reserved 1048576K
}

