# JRE version: OpenJDK Runtime Environment (17.0.9) (build 17.0.9+0--11185874)
# Java VM: OpenJDK 64-Bit Server VM (17.0.9+0--11185874, mixed mode, tiered, compressed oops, compressed class ptrs, g1 gc, windows-amd64)
GC Precious Log:
 CPUs: 8 total, 8 available
 Memory: 16179M
 Large Page Support: Disabled
 NUMA Support: Disabled
 Compressed Oops: Enabled (32-bit)
 Heap Region Size: 1M
 Heap Min Capacity: 8M
 Heap Initial Capacity: 254M
 Heap Max Capacity: 2G
 Pre-touch: Disabled
 Parallel Workers: 8
 Concurrent Workers: 2
 Concurrent Refinement Workers: 8
 Periodic GC: Disabled
Heap:
 garbage-first heap   total 270336K, used 188662K [0x0000000080000000, 0x0000000100000000)
  region size 1024K, 59 young (60416K), 12 survivors (12288K)
 Metaspace       used 110838K, committed 111808K, reserved 1179648K
  class space    used 14785K, committed 15296K, reserved 1048576K
GC Heap History (20 events):
Event: 11.779 GC heap before
{Heap before GC invocations=26 (full 0):
 garbage-first heap   total 188416K, used 148479K [0x0000000080000000, 0x0000000100000000)
  region size 1024K, 71 young (72704K), 11 survivors (11264K)
 Metaspace       used 97819K, committed 98624K, reserved 1179648K
  class space    used 13438K, committed 13824K, reserved 1048576K
}
Event: 11.785 GC heap after
{Heap after GC invocations=27 (full 0):
 garbage-first heap   total 188416K, used 91437K [0x0000000080000000, 0x0000000100000000)
  region size 1024K, 6 young (6144K), 6 survivors (6144K)
 Metaspace       used 97819K, committed 98624K, reserved 1179648K
  class space    used 13438K, committed 13824K, reserved 1048576K
}
Event: 12.145 GC heap before
{Heap before GC invocations=27 (full 0):
 garbage-first heap   total 188416K, used 148781K [0x0000000080000000, 0x0000000100000000)
  region size 1024K, 63 young (64512K), 6 survivors (6144K)
 Metaspace       used 98364K, committed 99072K, reserved 1179648K
  class space    used 13488K, committed 13824K, reserved 1048576K
}
Event: 12.150 GC heap after
{Heap after GC invocations=28 (full 0):
 garbage-first heap   total 188416K, used 95540K [0x0000000080000000, 0x0000000100000000)
  region size 1024K, 7 young (7168K), 7 survivors (7168K)
 Metaspace       used 98364K, committed 99072K, reserved 1179648K
  class space    used 13488K, committed 13824K, reserved 1048576K
}
Event: 12.401 GC heap before
{Heap before GC invocations=28 (full 0):
 garbage-first heap   total 188416K, used 149812K [0x0000000080000000, 0x0000000100000000)
  region size 1024K, 61 young (62464K), 7 survivors (7168K)
 Metaspace       used 98628K, committed 99328K, reserved 1179648K
  class space    used 13493K, committed 13824K, reserved 1048576K
}
Event: 12.406 GC heap after
{Heap after GC invocations=29 (full 0):
 garbage-first heap   total 188416K, used 98930K [0x0000000080000000, 0x0000000100000000)
  region size 1024K, 6 young (6144K), 6 survivors (6144K)
 Metaspace       used 98628K, committed 99328K, reserved 1179648K
  class space    used 13493K, committed 13824K, reserved 1048576K
}
Event: 12.627 GC heap before
{Heap before GC invocations=29 (full 0):
 garbage-first heap   total 188416K, used 151154K [0x0000000080000000, 0x0000000100000000)
  region size 1024K, 58 young (59392K), 6 survivors (6144K)
 Metaspace       used 98746K, committed 99456K, reserved 1179648K
  class space    used 13506K, committed 13824K, reserved 1048576K
}
Event: 12.631 GC heap after
{Heap after GC invocations=30 (full 0):
 garbage-first heap   total 188416K, used 102353K [0x0000000080000000, 0x0000000100000000)
  region size 1024K, 6 young (6144K), 6 survivors (6144K)
 Metaspace       used 98746K, committed 99456K, reserved 1179648K
  class space    used 13506K, committed 13824K, reserved 1048576K
}
Event: 12.848 GC heap before
{Heap before GC invocations=30 (full 0):
 garbage-first heap   total 188416K, used 150481K [0x0000000080000000, 0x0000000100000000)
  region size 1024K, 54 young (55296K), 6 survivors (6144K)
 Metaspace       used 98930K, committed 99712K, reserved 1179648K
  class space    used 13533K, committed 13888K, reserved 1048576K
}
Event: 12.853 GC heap after
{Heap after GC invocations=31 (full 0):
 garbage-first heap   total 270336K, used 104578K [0x0000000080000000, 0x0000000100000000)
  region size 1024K, 6 young (6144K), 6 survivors (6144K)
 Metaspace       used 98930K, committed 99712K, reserved 1179648K
  class space    used 13533K, committed 13888K, reserved 1048576K
}
Event: 13.257 GC heap before
{Heap before GC invocations=31 (full 0):
 garbage-first heap   total 270336K, used 213122K [0x0000000080000000, 0x0000000100000000)
  region size 1024K, 113 young (115712K), 6 survivors (6144K)
 Metaspace       used 99043K, committed 99776K, reserved 1179648K
  class space    used 13538K, committed 13888K, reserved 1048576K
}
Event: 13.263 GC heap after
{Heap after GC invocations=32 (full 0):
 garbage-first heap   total 270336K, used 109019K [0x0000000080000000, 0x0000000100000000)
  region size 1024K, 10 young (10240K), 10 survivors (10240K)
 Metaspace       used 99043K, committed 99776K, reserved 1179648K
  class space    used 13538K, committed 13888K, reserved 1048576K
}
Event: 13.497 GC heap before
{Heap before GC invocations=32 (full 0):
 garbage-first heap   total 270336K, used 135643K [0x0000000080000000, 0x0000000100000000)
  region size 1024K, 38 young (38912K), 10 survivors (10240K)
 Metaspace       used 100348K, committed 101056K, reserved 1179648K
  class space    used 13699K, committed 14080K, reserved 1048576K
}
Event: 13.504 GC heap after
{Heap after GC invocations=33 (full 0):
 garbage-first heap   total 270336K, used 110308K [0x0000000080000000, 0x0000000100000000)
  region size 1024K, 9 young (9216K), 9 survivors (9216K)
 Metaspace       used 100348K, committed 101056K, reserved 1179648K
  class space    used 13699K, committed 14080K, reserved 1048576K
}
Event: 30.928 GC heap before
{Heap before GC invocations=34 (full 0):
 garbage-first heap   total 270336K, used 215780K [0x0000000080000000, 0x0000000100000000)
  region size 1024K, 113 young (115712K), 9 survivors (9216K)
 Metaspace       used 105679K, committed 106432K, reserved 1179648K
  class space    used 14175K, committed 14528K, reserved 1048576K
}
Event: 30.942 GC heap after
{Heap after GC invocations=35 (full 0):
 garbage-first heap   total 270336K, used 119615K [0x0000000080000000, 0x0000000100000000)
  region size 1024K, 13 young (13312K), 13 survivors (13312K)
 Metaspace       used 105679K, committed 106432K, reserved 1179648K
  class space    used 14175K, committed 14528K, reserved 1048576K
}
Event: 30.955 GC heap before
{Heap before GC invocations=35 (full 0):
 garbage-first heap   total 270336K, used 120639K [0x0000000080000000, 0x0000000100000000)
  region size 1024K, 14 young (14336K), 13 survivors (13312K)
 Metaspace       used 105680K, committed 106432K, reserved 1179648K
  class space    used 14175K, committed 14528K, reserved 1048576K
}
Event: 30.967 GC heap after
{Heap after GC invocations=36 (full 0):
 garbage-first heap   total 270336K, used 118407K [0x0000000080000000, 0x0000000100000000)
  region size 1024K, 2 young (2048K), 2 survivors (2048K)
 Metaspace       used 105680K, committed 106432K, reserved 1179648K
  class space    used 14175K, committed 14528K, reserved 1048576K
}
Event: 813.475 GC heap before
{Heap before GC invocations=36 (full 0):
 garbage-first heap   total 270336K, used 233095K [0x0000000080000000, 0x0000000100000000)
  region size 1024K, 99 young (101376K), 2 survivors (2048K)
 Metaspace       used 109100K, committed 109952K, reserved 1179648K
  class space    used 14538K, committed 14976K, reserved 1048576K
}
Event: 813.598 GC heap after
{Heap after GC invocations=37 (full 0):
 garbage-first heap   total 270336K, used 139510K [0x0000000080000000, 0x0000000100000000)
  region size 1024K, 12 young (12288K), 12 survivors (12288K)
 Metaspace       used 109100K, committed 109952K, reserved 1179648K
  class space    used 14538K, committed 14976K, reserved 1048576K
}

