# JRE version: OpenJDK Runtime Environment (17.0.9) (build 17.0.9+0--11185874)
# Java VM: OpenJDK 64-Bit Server VM (17.0.9+0--11185874, mixed mode, tiered, compressed oops, compressed class ptrs, g1 gc, windows-amd64)
GC Precious Log:
 CPUs: 8 total, 8 available
 Memory: 16179M
 Large Page Support: Disabled
 NUMA Support: Disabled
 Compressed Oops: Enabled (32-bit)
 Heap Region Size: 1M
 Heap Min Capacity: 8M
 Heap Initial Capacity: 254M
 Heap Max Capacity: 2G
 Pre-touch: Disabled
 Parallel Workers: 8
 Concurrent Workers: 2
 Concurrent Refinement Workers: 8
 Periodic GC: Disabled
Heap:
 garbage-first heap   total 260096K, used 125821K [0x0000000080000000, 0x0000000100000000)
  region size 1024K, 5 young (5120K), 5 survivors (5120K)
 Metaspace       used 97041K, committed 97920K, reserved 1179648K
  class space    used 13195K, committed 13632K, reserved 1048576K
GC Heap History (20 events):
Event: 6.964 GC heap after
{Heap after GC invocations=24 (full 0):
 garbage-first heap   total 136192K, used 77343K [0x0000000080000000, 0x0000000100000000)
  region size 1024K, 1 young (1024K), 1 survivors (1024K)
 Metaspace       used 69406K, committed 70144K, reserved 1114112K
  class space    used 9295K, committed 9664K, reserved 1048576K
}
Event: 7.276 GC heap before
{Heap before GC invocations=25 (full 0):
 garbage-first heap   total 137216K, used 118303K [0x0000000080000000, 0x0000000100000000)
  region size 1024K, 35 young (35840K), 1 survivors (1024K)
 Metaspace       used 72583K, committed 73344K, reserved 1114112K
  class space    used 9762K, committed 10112K, reserved 1048576K
}
Event: 7.279 GC heap after
{Heap after GC invocations=26 (full 0):
 garbage-first heap   total 137216K, used 85938K [0x0000000080000000, 0x0000000100000000)
  region size 1024K, 5 young (5120K), 5 survivors (5120K)
 Metaspace       used 72583K, committed 73344K, reserved 1114112K
  class space    used 9762K, committed 10112K, reserved 1048576K
}
Event: 7.280 GC heap before
{Heap before GC invocations=26 (full 0):
 garbage-first heap   total 137216K, used 86962K [0x0000000080000000, 0x0000000100000000)
  region size 1024K, 6 young (6144K), 5 survivors (5120K)
 Metaspace       used 72583K, committed 73344K, reserved 1114112K
  class space    used 9762K, committed 10112K, reserved 1048576K
}
Event: 7.283 GC heap after
{Heap after GC invocations=27 (full 0):
 garbage-first heap   total 175104K, used 86345K [0x0000000080000000, 0x0000000100000000)
  region size 1024K, 1 young (1024K), 1 survivors (1024K)
 Metaspace       used 72583K, committed 73344K, reserved 1114112K
  class space    used 9762K, committed 10112K, reserved 1048576K
}
Event: 7.781 GC heap before
{Heap before GC invocations=27 (full 0):
 garbage-first heap   total 175104K, used 141641K [0x0000000080000000, 0x0000000100000000)
  region size 1024K, 55 young (56320K), 1 survivors (1024K)
 Metaspace       used 76398K, committed 77120K, reserved 1179648K
  class space    used 10260K, committed 10560K, reserved 1048576K
}
Event: 7.784 GC heap after
{Heap after GC invocations=28 (full 0):
 garbage-first heap   total 175104K, used 89999K [0x0000000080000000, 0x0000000100000000)
  region size 1024K, 5 young (5120K), 5 survivors (5120K)
 Metaspace       used 76398K, committed 77120K, reserved 1179648K
  class space    used 10260K, committed 10560K, reserved 1048576K
}
Event: 8.223 GC heap before
{Heap before GC invocations=29 (full 0):
 garbage-first heap   total 175104K, used 137103K [0x0000000080000000, 0x0000000100000000)
  region size 1024K, 56 young (57344K), 5 survivors (5120K)
 Metaspace       used 80873K, committed 81536K, reserved 1179648K
  class space    used 10901K, committed 11200K, reserved 1048576K
}
Event: 8.228 GC heap after
{Heap after GC invocations=30 (full 0):
 garbage-first heap   total 175104K, used 90415K [0x0000000080000000, 0x0000000100000000)
  region size 1024K, 5 young (5120K), 5 survivors (5120K)
 Metaspace       used 80873K, committed 81536K, reserved 1179648K
  class space    used 10901K, committed 11200K, reserved 1048576K
}
Event: 8.251 GC heap before
{Heap before GC invocations=30 (full 0):
 garbage-first heap   total 175104K, used 93487K [0x0000000080000000, 0x0000000100000000)
  region size 1024K, 8 young (8192K), 5 survivors (5120K)
 Metaspace       used 80879K, committed 81536K, reserved 1179648K
  class space    used 10901K, committed 11200K, reserved 1048576K
}
Event: 8.256 GC heap after
{Heap after GC invocations=31 (full 0):
 garbage-first heap   total 175104K, used 90889K [0x0000000080000000, 0x0000000100000000)
  region size 1024K, 1 young (1024K), 1 survivors (1024K)
 Metaspace       used 80879K, committed 81536K, reserved 1179648K
  class space    used 10901K, committed 11200K, reserved 1048576K
}
Event: 8.714 GC heap before
{Heap before GC invocations=31 (full 0):
 garbage-first heap   total 175104K, used 143113K [0x0000000080000000, 0x0000000100000000)
  region size 1024K, 52 young (53248K), 1 survivors (1024K)
 Metaspace       used 84605K, committed 85312K, reserved 1179648K
  class space    used 11406K, committed 11712K, reserved 1048576K
}
Event: 8.716 GC heap after
{Heap after GC invocations=32 (full 0):
 garbage-first heap   total 175104K, used 91840K [0x0000000080000000, 0x0000000100000000)
  region size 1024K, 2 young (2048K), 2 survivors (2048K)
 Metaspace       used 84605K, committed 85312K, reserved 1179648K
  class space    used 11406K, committed 11712K, reserved 1048576K
}
Event: 9.220 GC heap before
{Heap before GC invocations=32 (full 0):
 garbage-first heap   total 175104K, used 144064K [0x0000000080000000, 0x0000000100000000)
  region size 1024K, 53 young (54272K), 2 survivors (2048K)
 Metaspace       used 88464K, committed 89216K, reserved 1179648K
  class space    used 12113K, committed 12480K, reserved 1048576K
}
Event: 9.224 GC heap after
{Heap after GC invocations=33 (full 0):
 garbage-first heap   total 175104K, used 93875K [0x0000000080000000, 0x0000000100000000)
  region size 1024K, 4 young (4096K), 4 survivors (4096K)
 Metaspace       used 88464K, committed 89216K, reserved 1179648K
  class space    used 12113K, committed 12480K, reserved 1048576K
}
Event: 9.597 GC heap before
{Heap before GC invocations=33 (full 0):
 garbage-first heap   total 175104K, used 142003K [0x0000000080000000, 0x0000000100000000)
  region size 1024K, 46 young (47104K), 4 survivors (4096K)
 Metaspace       used 92602K, committed 93376K, reserved 1179648K
  class space    used 12541K, committed 12864K, reserved 1048576K
}
Event: 9.603 GC heap after
{Heap after GC invocations=34 (full 0):
 garbage-first heap   total 175104K, used 100463K [0x0000000080000000, 0x0000000100000000)
  region size 1024K, 7 young (7168K), 7 survivors (7168K)
 Metaspace       used 92602K, committed 93376K, reserved 1179648K
  class space    used 12541K, committed 12864K, reserved 1048576K
}
Event: 10.020 GC heap before
{Heap before GC invocations=34 (full 0):
 garbage-first heap   total 175104K, used 152687K [0x0000000080000000, 0x0000000100000000)
  region size 1024K, 50 young (51200K), 7 survivors (7168K)
 Metaspace       used 95892K, committed 96640K, reserved 1179648K
  class space    used 13031K, committed 13376K, reserved 1048576K
}
Event: 10.027 GC heap after
{Heap after GC invocations=35 (full 0):
 garbage-first heap   total 175104K, used 116732K [0x0000000080000000, 0x0000000100000000)
  region size 1024K, 7 young (7168K), 7 survivors (7168K)
 Metaspace       used 95892K, committed 96640K, reserved 1179648K
  class space    used 13031K, committed 13376K, reserved 1048576K
}
Event: 10.235 GC heap before
{Heap before GC invocations=35 (full 0):
 garbage-first heap   total 175104K, used 150524K [0x0000000080000000, 0x0000000100000000)
  region size 1024K, 37 young (37888K), 7 survivors (7168K)
 Metaspace       used 97041K, committed 97920K, reserved 1179648K
  class space    used 13195K, committed 13632K, reserved 1048576K
}

