# JRE version: OpenJDK Runtime Environment (17.0.9) (build 17.0.9+0--11185874)
# Java VM: OpenJDK 64-Bit Server VM (17.0.9+0--11185874, mixed mode, tiered, compressed oops, compressed class ptrs, g1 gc, windows-amd64)
GC Precious Log:
 CPUs: 8 total, 8 available
 Memory: 16179M
 Large Page Support: Disabled
 NUMA Support: Disabled
 Compressed Oops: Enabled (32-bit)
 Heap Region Size: 1M
 Heap Min Capacity: 8M
 Heap Initial Capacity: 254M
 Heap Max Capacity: 2G
 Pre-touch: Disabled
 Parallel Workers: 8
 Concurrent Workers: 2
 Concurrent Refinement Workers: 8
 Periodic GC: Disabled
Heap:
 garbage-first heap   total 301056K, used 218478K [0x0000000080000000, 0x0000000100000000)
  region size 1024K, 57 young (58368K), 8 survivors (8192K)
 Metaspace       used 109810K, committed 110656K, reserved 1179648K
  class space    used 14752K, committed 15168K, reserved 1048576K
GC Heap History (20 events):
Event: 12.880 GC heap before
{Heap before GC invocations=36 (full 0):
 garbage-first heap   total 250880K, used 148296K [0x0000000080000000, 0x0000000100000000)
  region size 1024K, 12 young (12288K), 5 survivors (5120K)
 Metaspace       used 97262K, committed 98112K, reserved 1179648K
  class space    used 13212K, committed 13632K, reserved 1048576K
}
Event: 12.883 GC heap after
{Heap after GC invocations=37 (full 0):
 garbage-first heap   total 250880K, used 138820K [0x0000000080000000, 0x0000000100000000)
  region size 1024K, 2 young (2048K), 2 survivors (2048K)
 Metaspace       used 97262K, committed 98112K, reserved 1179648K
  class space    used 13212K, committed 13632K, reserved 1048576K
}
Event: 13.322 GC heap before
{Heap before GC invocations=37 (full 0):
 garbage-first heap   total 250880K, used 205380K [0x0000000080000000, 0x0000000100000000)
  region size 1024K, 67 young (68608K), 2 survivors (2048K)
 Metaspace       used 97262K, committed 98112K, reserved 1179648K
  class space    used 13212K, committed 13632K, reserved 1048576K
}
Event: 13.327 GC heap after
{Heap after GC invocations=38 (full 0):
 garbage-first heap   total 250880K, used 140749K [0x0000000080000000, 0x0000000100000000)
  region size 1024K, 4 young (4096K), 4 survivors (4096K)
 Metaspace       used 97262K, committed 98112K, reserved 1179648K
  class space    used 13212K, committed 13632K, reserved 1048576K
}
Event: 13.814 GC heap before
{Heap before GC invocations=39 (full 0):
 garbage-first heap   total 250880K, used 207309K [0x0000000080000000, 0x0000000100000000)
  region size 1024K, 69 young (70656K), 4 survivors (4096K)
 Metaspace       used 97267K, committed 98112K, reserved 1179648K
  class space    used 13212K, committed 13632K, reserved 1048576K
}
Event: 13.817 GC heap after
{Heap after GC invocations=40 (full 0):
 garbage-first heap   total 250880K, used 142158K [0x0000000080000000, 0x0000000100000000)
  region size 1024K, 6 young (6144K), 6 survivors (6144K)
 Metaspace       used 97267K, committed 98112K, reserved 1179648K
  class space    used 13212K, committed 13632K, reserved 1048576K
}
Event: 13.868 GC heap before
{Heap before GC invocations=40 (full 0):
 garbage-first heap   total 250880K, used 147278K [0x0000000080000000, 0x0000000100000000)
  region size 1024K, 12 young (12288K), 6 survivors (6144K)
 Metaspace       used 97267K, committed 98112K, reserved 1179648K
  class space    used 13212K, committed 13632K, reserved 1048576K
}
Event: 13.872 GC heap after
{Heap after GC invocations=41 (full 0):
 garbage-first heap   total 301056K, used 140343K [0x0000000080000000, 0x0000000100000000)
  region size 1024K, 2 young (2048K), 2 survivors (2048K)
 Metaspace       used 97267K, committed 98112K, reserved 1179648K
  class space    used 13212K, committed 13632K, reserved 1048576K
}
Event: 14.839 GC heap before
{Heap before GC invocations=41 (full 0):
 garbage-first heap   total 301056K, used 244791K [0x0000000080000000, 0x0000000100000000)
  region size 1024K, 104 young (106496K), 2 survivors (2048K)
 Metaspace       used 97267K, committed 98112K, reserved 1179648K
  class space    used 13212K, committed 13632K, reserved 1048576K
}
Event: 14.844 GC heap after
{Heap after GC invocations=42 (full 0):
 garbage-first heap   total 301056K, used 143292K [0x0000000080000000, 0x0000000100000000)
  region size 1024K, 5 young (5120K), 5 survivors (5120K)
 Metaspace       used 97267K, committed 98112K, reserved 1179648K
  class space    used 13212K, committed 13632K, reserved 1048576K
}
Event: 15.271 GC heap before
{Heap before GC invocations=42 (full 0):
 garbage-first heap   total 301056K, used 246716K [0x0000000080000000, 0x0000000100000000)
  region size 1024K, 106 young (108544K), 5 survivors (5120K)
 Metaspace       used 97267K, committed 98112K, reserved 1179648K
  class space    used 13212K, committed 13632K, reserved 1048576K
}
Event: 15.276 GC heap after
{Heap after GC invocations=43 (full 0):
 garbage-first heap   total 301056K, used 145165K [0x0000000080000000, 0x0000000100000000)
  region size 1024K, 7 young (7168K), 7 survivors (7168K)
 Metaspace       used 97267K, committed 98112K, reserved 1179648K
  class space    used 13212K, committed 13632K, reserved 1048576K
}
Event: 15.746 GC heap before
{Heap before GC invocations=43 (full 0):
 garbage-first heap   total 301056K, used 248589K [0x0000000080000000, 0x0000000100000000)
  region size 1024K, 108 young (110592K), 7 survivors (7168K)
 Metaspace       used 97270K, committed 98176K, reserved 1179648K
  class space    used 13212K, committed 13632K, reserved 1048576K
}
Event: 15.753 GC heap after
{Heap after GC invocations=44 (full 0):
 garbage-first heap   total 301056K, used 147270K [0x0000000080000000, 0x0000000100000000)
  region size 1024K, 9 young (9216K), 9 survivors (9216K)
 Metaspace       used 97270K, committed 98176K, reserved 1179648K
  class space    used 13212K, committed 13632K, reserved 1048576K
}
Event: 16.468 GC heap before
{Heap before GC invocations=44 (full 0):
 garbage-first heap   total 301056K, used 268102K [0x0000000080000000, 0x0000000100000000)
  region size 1024K, 110 young (112640K), 9 survivors (9216K)
 Metaspace       used 100644K, committed 101504K, reserved 1179648K
  class space    used 13587K, committed 13952K, reserved 1048576K
}
Event: 16.477 GC heap after
{Heap after GC invocations=45 (full 0):
 garbage-first heap   total 301056K, used 155680K [0x0000000080000000, 0x0000000100000000)
  region size 1024K, 14 young (14336K), 14 survivors (14336K)
 Metaspace       used 100644K, committed 101504K, reserved 1179648K
  class space    used 13587K, committed 13952K, reserved 1048576K
}
Event: 17.576 GC heap before
{Heap before GC invocations=45 (full 0):
 garbage-first heap   total 301056K, used 245792K [0x0000000080000000, 0x0000000100000000)
  region size 1024K, 102 young (104448K), 14 survivors (14336K)
 Metaspace       used 108553K, committed 109376K, reserved 1179648K
  class space    used 14640K, committed 15040K, reserved 1048576K
}
Event: 17.591 GC heap after
{Heap after GC invocations=46 (full 0):
 garbage-first heap   total 301056K, used 162972K [0x0000000080000000, 0x0000000100000000)
  region size 1024K, 7 young (7168K), 7 survivors (7168K)
 Metaspace       used 108553K, committed 109376K, reserved 1179648K
  class space    used 14640K, committed 15040K, reserved 1048576K
}
Event: 17.876 GC heap before
{Heap before GC invocations=46 (full 0):
 garbage-first heap   total 301056K, used 245916K [0x0000000080000000, 0x0000000100000000)
  region size 1024K, 89 young (91136K), 7 survivors (7168K)
 Metaspace       used 108871K, committed 109696K, reserved 1179648K
  class space    used 14653K, committed 15040K, reserved 1048576K
}
Event: 17.885 GC heap after
{Heap after GC invocations=47 (full 0):
 garbage-first heap   total 301056K, used 170350K [0x0000000080000000, 0x0000000100000000)
  region size 1024K, 8 young (8192K), 8 survivors (8192K)
 Metaspace       used 108871K, committed 109696K, reserved 1179648K
  class space    used 14653K, committed 15040K, reserved 1048576K
}

