# JRE version: OpenJDK Runtime Environment (17.0.9) (build 17.0.9+0--11185874)
# Java VM: OpenJDK 64-Bit Server VM (17.0.9+0--11185874, mixed mode, tiered, compressed oops, compressed class ptrs, g1 gc, windows-amd64)
GC Precious Log:
 CPUs: 8 total, 8 available
 Memory: 16179M
 Large Page Support: Disabled
 NUMA Support: Disabled
 Compressed Oops: Enabled (32-bit)
 Heap Region Size: 1M
 Heap Min Capacity: 8M
 Heap Initial Capacity: 254M
 Heap Max Capacity: 2G
 Pre-touch: Disabled
 Parallel Workers: 8
 Concurrent Workers: 2
 Concurrent Refinement Workers: 8
 Periodic GC: Disabled
Heap:
 garbage-first heap   total 306176K, used 191352K [0x0000000080000000, 0x0000000100000000)
  region size 1024K, 19 young (19456K), 6 survivors (6144K)
 Metaspace       used 113269K, committed 114240K, reserved 1179648K
  class space    used 15173K, committed 15616K, reserved 1048576K
GC Heap History (20 events):
Event: 11.064 GC heap before
{Heap before GC invocations=52 (full 0):
 garbage-first heap   total 241664K, used 204214K [0x0000000080000000, 0x0000000100000000)
  region size 1024K, 62 young (63488K), 5 survivors (5120K)
 Metaspace       used 97125K, committed 97920K, reserved 1179648K
  class space    used 13187K, committed 13568K, reserved 1048576K
}
Event: 11.066 GC heap after
{Heap after GC invocations=53 (full 0):
 garbage-first heap   total 241664K, used 146996K [0x0000000080000000, 0x0000000100000000)
  region size 1024K, 5 young (5120K), 5 survivors (5120K)
 Metaspace       used 97125K, committed 97920K, reserved 1179648K
  class space    used 13187K, committed 13568K, reserved 1048576K
}
Event: 11.255 GC heap before
{Heap before GC invocations=53 (full 0):
 garbage-first heap   total 241664K, used 205364K [0x0000000080000000, 0x0000000100000000)
  region size 1024K, 62 young (63488K), 5 survivors (5120K)
 Metaspace       used 97126K, committed 97920K, reserved 1179648K
  class space    used 13187K, committed 13568K, reserved 1048576K
}
Event: 11.257 GC heap after
{Heap after GC invocations=54 (full 0):
 garbage-first heap   total 241664K, used 148304K [0x0000000080000000, 0x0000000100000000)
  region size 1024K, 5 young (5120K), 5 survivors (5120K)
 Metaspace       used 97126K, committed 97920K, reserved 1179648K
  class space    used 13187K, committed 13568K, reserved 1048576K
}
Event: 11.534 GC heap before
{Heap before GC invocations=54 (full 0):
 garbage-first heap   total 241664K, used 205648K [0x0000000080000000, 0x0000000100000000)
  region size 1024K, 61 young (62464K), 5 survivors (5120K)
 Metaspace       used 97161K, committed 97984K, reserved 1179648K
  class space    used 13194K, committed 13568K, reserved 1048576K
}
Event: 11.536 GC heap after
{Heap after GC invocations=55 (full 0):
 garbage-first heap   total 241664K, used 149439K [0x0000000080000000, 0x0000000100000000)
  region size 1024K, 5 young (5120K), 5 survivors (5120K)
 Metaspace       used 97161K, committed 97984K, reserved 1179648K
  class space    used 13194K, committed 13568K, reserved 1048576K
}
Event: 11.752 GC heap before
{Heap before GC invocations=55 (full 0):
 garbage-first heap   total 241664K, used 192447K [0x0000000080000000, 0x0000000100000000)
  region size 1024K, 34 young (34816K), 5 survivors (5120K)
 Metaspace       used 97201K, committed 97984K, reserved 1179648K
  class space    used 13205K, committed 13568K, reserved 1048576K
}
Event: 11.754 GC heap after
{Heap after GC invocations=56 (full 0):
 garbage-first heap   total 241664K, used 164361K [0x0000000080000000, 0x0000000100000000)
  region size 1024K, 5 young (5120K), 5 survivors (5120K)
 Metaspace       used 97201K, committed 97984K, reserved 1179648K
  class space    used 13205K, committed 13568K, reserved 1048576K
}
Event: 12.070 GC heap before
{Heap before GC invocations=57 (full 0):
 garbage-first heap   total 306176K, used 204297K [0x0000000080000000, 0x0000000100000000)
  region size 1024K, 41 young (41984K), 5 survivors (5120K)
 Metaspace       used 99686K, committed 100544K, reserved 1179648K
  class space    used 13442K, committed 13824K, reserved 1048576K
}
Event: 12.076 GC heap after
{Heap after GC invocations=58 (full 0):
 garbage-first heap   total 306176K, used 157141K [0x0000000080000000, 0x0000000100000000)
  region size 1024K, 6 young (6144K), 6 survivors (6144K)
 Metaspace       used 99686K, committed 100544K, reserved 1179648K
  class space    used 13442K, committed 13824K, reserved 1048576K
}
Event: 12.170 GC heap before
{Heap before GC invocations=58 (full 0):
 garbage-first heap   total 306176K, used 164309K [0x0000000080000000, 0x0000000100000000)
  region size 1024K, 14 young (14336K), 6 survivors (6144K)
 Metaspace       used 100683K, committed 101504K, reserved 1179648K
  class space    used 13577K, committed 13952K, reserved 1048576K
}
Event: 12.175 GC heap after
{Heap after GC invocations=59 (full 0):
 garbage-first heap   total 306176K, used 156412K [0x0000000080000000, 0x0000000100000000)
  region size 1024K, 1 young (1024K), 1 survivors (1024K)
 Metaspace       used 100683K, committed 101504K, reserved 1179648K
  class space    used 13577K, committed 13952K, reserved 1048576K
}
Event: 12.911 GC heap before
{Heap before GC invocations=59 (full 0):
 garbage-first heap   total 306176K, used 234236K [0x0000000080000000, 0x0000000100000000)
  region size 1024K, 77 young (78848K), 1 survivors (1024K)
 Metaspace       used 108285K, committed 109120K, reserved 1179648K
  class space    used 14607K, committed 14976K, reserved 1048576K
}
Event: 12.917 GC heap after
{Heap after GC invocations=60 (full 0):
 garbage-first heap   total 306176K, used 159981K [0x0000000080000000, 0x0000000100000000)
  region size 1024K, 5 young (5120K), 5 survivors (5120K)
 Metaspace       used 108285K, committed 109120K, reserved 1179648K
  class space    used 14607K, committed 14976K, reserved 1048576K
}
Event: 13.347 GC heap before
{Heap before GC invocations=60 (full 0):
 garbage-first heap   total 306176K, used 239853K [0x0000000080000000, 0x0000000100000000)
  region size 1024K, 83 young (84992K), 5 survivors (5120K)
 Metaspace       used 108763K, committed 109632K, reserved 1179648K
  class space    used 14631K, committed 15040K, reserved 1048576K
}
Event: 13.354 GC heap after
{Heap after GC invocations=61 (full 0):
 garbage-first heap   total 306176K, used 167911K [0x0000000080000000, 0x0000000100000000)
  region size 1024K, 11 young (11264K), 11 survivors (11264K)
 Metaspace       used 108763K, committed 109632K, reserved 1179648K
  class space    used 14631K, committed 15040K, reserved 1048576K
}
Event: 13.717 GC heap before
{Heap before GC invocations=61 (full 0):
 garbage-first heap   total 306176K, used 243687K [0x0000000080000000, 0x0000000100000000)
  region size 1024K, 85 young (87040K), 11 survivors (11264K)
 Metaspace       used 109977K, committed 110848K, reserved 1179648K
  class space    used 14755K, committed 15168K, reserved 1048576K
}
Event: 13.725 GC heap after
{Heap after GC invocations=62 (full 0):
 garbage-first heap   total 306176K, used 174099K [0x0000000080000000, 0x0000000100000000)
  region size 1024K, 9 young (9216K), 9 survivors (9216K)
 Metaspace       used 109977K, committed 110848K, reserved 1179648K
  class space    used 14755K, committed 15168K, reserved 1048576K
}
Event: 14.185 GC heap before
{Heap before GC invocations=62 (full 0):
 garbage-first heap   total 306176K, used 244755K [0x0000000080000000, 0x0000000100000000)
  region size 1024K, 79 young (80896K), 9 survivors (9216K)
 Metaspace       used 111725K, committed 112640K, reserved 1179648K
  class space    used 14960K, committed 15360K, reserved 1048576K
}
Event: 14.192 GC heap after
{Heap after GC invocations=63 (full 0):
 garbage-first heap   total 306176K, used 179064K [0x0000000080000000, 0x0000000100000000)
  region size 1024K, 6 young (6144K), 6 survivors (6144K)
 Metaspace       used 111725K, committed 112640K, reserved 1179648K
  class space    used 14960K, committed 15360K, reserved 1048576K
}

