# JRE version: OpenJDK Runtime Environment (17.0.9) (build 17.0.9+0--11185874)
# Java VM: OpenJDK 64-Bit Server VM (17.0.9+0--11185874, mixed mode, tiered, compressed oops, compressed class ptrs, g1 gc, windows-amd64)
GC Precious Log:
 CPUs: 8 total, 8 available
 Memory: 16179M
 Large Page Support: Disabled
 NUMA Support: Disabled
 Compressed Oops: Enabled (32-bit)
 Heap Region Size: 1M
 Heap Min Capacity: 8M
 Heap Initial Capacity: 254M
 Heap Max Capacity: 2G
 Pre-touch: Disabled
 Parallel Workers: 8
 Concurrent Workers: 2
 Concurrent Refinement Workers: 8
 Periodic GC: Disabled
Heap:
 garbage-first heap   total 216064K, used 83366K [0x0000000080000000, 0x0000000100000000)
  region size 1024K, 1 young (1024K), 1 survivors (1024K)
 Metaspace       used 97550K, committed 98304K, reserved 1179648K
  class space    used 13459K, committed 13824K, reserved 1048576K
GC Heap History (20 events):
Event: 6.838 GC heap after
{Heap after GC invocations=26 (full 0):
 garbage-first heap   total 149504K, used 65274K [0x0000000080000000, 0x0000000100000000)
  region size 1024K, 7 young (7168K), 7 survivors (7168K)
 Metaspace       used 78411K, committed 78976K, reserved 1179648K
  class space    used 10599K, committed 10880K, reserved 1048576K
}
Event: 6.843 GC heap before
{Heap before GC invocations=26 (full 0):
 garbage-first heap   total 149504K, used 66298K [0x0000000080000000, 0x0000000100000000)
  region size 1024K, 8 young (8192K), 7 survivors (7168K)
 Metaspace       used 78467K, committed 79040K, reserved 1179648K
  class space    used 10606K, committed 10880K, reserved 1048576K
}
Event: 6.848 GC heap after
{Heap after GC invocations=27 (full 0):
 garbage-first heap   total 149504K, used 65472K [0x0000000080000000, 0x0000000100000000)
  region size 1024K, 1 young (1024K), 1 survivors (1024K)
 Metaspace       used 78467K, committed 79040K, reserved 1179648K
  class space    used 10606K, committed 10880K, reserved 1048576K
}
Event: 6.957 GC heap before
{Heap before GC invocations=27 (full 0):
 garbage-first heap   total 149504K, used 78784K [0x0000000080000000, 0x0000000100000000)
  region size 1024K, 15 young (15360K), 1 survivors (1024K)
 Metaspace       used 79499K, committed 80128K, reserved 1179648K
  class space    used 10748K, committed 11008K, reserved 1048576K
}
Event: 6.959 GC heap after
{Heap after GC invocations=28 (full 0):
 garbage-first heap   total 149504K, used 65500K [0x0000000080000000, 0x0000000100000000)
  region size 1024K, 1 young (1024K), 1 survivors (1024K)
 Metaspace       used 79499K, committed 80128K, reserved 1179648K
  class space    used 10748K, committed 11008K, reserved 1048576K
}
Event: 7.452 GC heap before
{Heap before GC invocations=29 (full 0):
 garbage-first heap   total 149504K, used 123868K [0x0000000080000000, 0x0000000100000000)
  region size 1024K, 57 young (58368K), 1 survivors (1024K)
 Metaspace       used 83613K, committed 84224K, reserved 1179648K
  class space    used 11506K, committed 11840K, reserved 1048576K
}
Event: 7.455 GC heap after
{Heap after GC invocations=30 (full 0):
 garbage-first heap   total 149504K, used 66948K [0x0000000080000000, 0x0000000100000000)
  region size 1024K, 3 young (3072K), 3 survivors (3072K)
 Metaspace       used 83613K, committed 84224K, reserved 1179648K
  class space    used 11506K, committed 11840K, reserved 1048576K
}
Event: 7.496 GC heap before
{Heap before GC invocations=30 (full 0):
 garbage-first heap   total 149504K, used 70020K [0x0000000080000000, 0x0000000100000000)
  region size 1024K, 7 young (7168K), 3 survivors (3072K)
 Metaspace       used 83899K, committed 84480K, reserved 1179648K
  class space    used 11543K, committed 11840K, reserved 1048576K
}
Event: 7.499 GC heap after
{Heap after GC invocations=31 (full 0):
 garbage-first heap   total 149504K, used 66300K [0x0000000080000000, 0x0000000100000000)
  region size 1024K, 1 young (1024K), 1 survivors (1024K)
 Metaspace       used 83899K, committed 84480K, reserved 1179648K
  class space    used 11543K, committed 11840K, reserved 1048576K
}
Event: 8.026 GC heap before
{Heap before GC invocations=31 (full 0):
 garbage-first heap   total 149504K, used 123644K [0x0000000080000000, 0x0000000100000000)
  region size 1024K, 57 young (58368K), 1 survivors (1024K)
 Metaspace       used 88466K, committed 89152K, reserved 1179648K
  class space    used 12230K, committed 12544K, reserved 1048576K
}
Event: 8.029 GC heap after
{Heap after GC invocations=32 (full 0):
 garbage-first heap   total 149504K, used 69367K [0x0000000080000000, 0x0000000100000000)
  region size 1024K, 4 young (4096K), 4 survivors (4096K)
 Metaspace       used 88466K, committed 89152K, reserved 1179648K
  class space    used 12230K, committed 12544K, reserved 1048576K
}
Event: 8.464 GC heap before
{Heap before GC invocations=33 (full 0):
 garbage-first heap   total 149504K, used 123639K [0x0000000080000000, 0x0000000100000000)
  region size 1024K, 57 young (58368K), 4 survivors (4096K)
 Metaspace       used 93072K, committed 93760K, reserved 1179648K
  class space    used 12898K, committed 13248K, reserved 1048576K
}
Event: 8.468 GC heap after
{Heap after GC invocations=34 (full 0):
 garbage-first heap   total 149504K, used 72592K [0x0000000080000000, 0x0000000100000000)
  region size 1024K, 7 young (7168K), 7 survivors (7168K)
 Metaspace       used 93072K, committed 93760K, reserved 1179648K
  class space    used 12898K, committed 13248K, reserved 1048576K
}
Event: 8.476 GC heap before
{Heap before GC invocations=34 (full 0):
 garbage-first heap   total 149504K, used 73616K [0x0000000080000000, 0x0000000100000000)
  region size 1024K, 8 young (8192K), 7 survivors (7168K)
 Metaspace       used 93107K, committed 93824K, reserved 1179648K
  class space    used 12902K, committed 13248K, reserved 1048576K
}
Event: 8.480 GC heap after
{Heap after GC invocations=35 (full 0):
 garbage-first heap   total 149504K, used 72760K [0x0000000080000000, 0x0000000100000000)
  region size 1024K, 1 young (1024K), 1 survivors (1024K)
 Metaspace       used 93107K, committed 93824K, reserved 1179648K
  class space    used 12902K, committed 13248K, reserved 1048576K
}
Event: 8.627 GC heap before
{Heap before GC invocations=35 (full 0):
 garbage-first heap   total 149504K, used 95288K [0x0000000080000000, 0x0000000100000000)
  region size 1024K, 25 young (25600K), 1 survivors (1024K)
 Metaspace       used 94653K, committed 95424K, reserved 1179648K
  class space    used 13053K, committed 13440K, reserved 1048576K
}
Event: 8.630 GC heap after
{Heap after GC invocations=36 (full 0):
 garbage-first heap   total 149504K, used 76005K [0x0000000080000000, 0x0000000100000000)
  region size 1024K, 5 young (5120K), 5 survivors (5120K)
 Metaspace       used 94653K, committed 95424K, reserved 1179648K
  class space    used 13053K, committed 13440K, reserved 1048576K
}
Event: 9.020 GC heap before
{Heap before GC invocations=37 (full 0):
 garbage-first heap   total 149504K, used 126181K [0x0000000080000000, 0x0000000100000000)
  region size 1024K, 49 young (50176K), 5 survivors (5120K)
 Metaspace       used 97547K, committed 98304K, reserved 1179648K
  class space    used 13459K, committed 13824K, reserved 1048576K
}
Event: 9.026 GC heap after
{Heap after GC invocations=38 (full 0):
 garbage-first heap   total 149504K, used 82638K [0x0000000080000000, 0x0000000100000000)
  region size 1024K, 7 young (7168K), 7 survivors (7168K)
 Metaspace       used 97547K, committed 98304K, reserved 1179648K
  class space    used 13459K, committed 13824K, reserved 1048576K
}
Event: 9.028 GC heap before
{Heap before GC invocations=38 (full 0):
 garbage-first heap   total 149504K, used 83662K [0x0000000080000000, 0x0000000100000000)
  region size 1024K, 8 young (8192K), 7 survivors (7168K)
 Metaspace       used 97550K, committed 98304K, reserved 1179648K
  class space    used 13459K, committed 13824K, reserved 1048576K
}

