# JRE version: OpenJDK Runtime Environment (17.0.9) (build 17.0.9+0--11185874)
# Java VM: OpenJDK 64-Bit Server VM (17.0.9+0--11185874, mixed mode, tiered, compressed oops, compressed class ptrs, g1 gc, windows-amd64)
GC Precious Log:
 CPUs: 8 total, 8 available
 Memory: 16179M
 Large Page Support: Disabled
 NUMA Support: Disabled
 Compressed Oops: Enabled (32-bit)
 Heap Region Size: 1M
 Heap Min Capacity: 8M
 Heap Initial Capacity: 254M
 Heap Max Capacity: 2G
 Pre-touch: Disabled
 Parallel Workers: 8
 Concurrent Workers: 2
 Concurrent Refinement Workers: 8
 Periodic GC: Disabled
Heap:
 garbage-first heap   total 444416K, used 213255K [0x0000000080000000, 0x0000000100000000)
  region size 1024K, 7 young (7168K), 7 survivors (7168K)
 Metaspace       used 121967K, committed 123072K, reserved 1179648K
  class space    used 16137K, committed 16704K, reserved 1048576K
GC Heap History (20 events):
Event: 16.260 GC heap after
{Heap after GC invocations=50 (full 0):
 garbage-first heap   total 266240K, used 179513K [0x0000000080000000, 0x0000000100000000)
  region size 1024K, 7 young (7168K), 7 survivors (7168K)
 Metaspace       used 111179K, committed 112064K, reserved 1179648K
  class space    used 14900K, committed 15296K, reserved 1048576K
}
Event: 16.536 GC heap before
{Heap before GC invocations=50 (full 0):
 garbage-first heap   total 266240K, used 220473K [0x0000000080000000, 0x0000000100000000)
  region size 1024K, 47 young (48128K), 7 survivors (7168K)
 Metaspace       used 111720K, committed 112576K, reserved 1179648K
  class space    used 14948K, committed 15360K, reserved 1048576K
}
Event: 16.541 GC heap after
{Heap after GC invocations=51 (full 0):
 garbage-first heap   total 266240K, used 181433K [0x0000000080000000, 0x0000000100000000)
  region size 1024K, 3 young (3072K), 3 survivors (3072K)
 Metaspace       used 111720K, committed 112576K, reserved 1179648K
  class space    used 14948K, committed 15360K, reserved 1048576K
}
Event: 16.826 GC heap before
{Heap before GC invocations=51 (full 0):
 garbage-first heap   total 266240K, used 222393K [0x0000000080000000, 0x0000000100000000)
  region size 1024K, 44 young (45056K), 3 survivors (3072K)
 Metaspace       used 115399K, committed 116416K, reserved 1179648K
  class space    used 15389K, committed 15872K, reserved 1048576K
}
Event: 16.829 GC heap after
{Heap after GC invocations=52 (full 0):
 garbage-first heap   total 266240K, used 183833K [0x0000000080000000, 0x0000000100000000)
  region size 1024K, 5 young (5120K), 5 survivors (5120K)
 Metaspace       used 115399K, committed 116416K, reserved 1179648K
  class space    used 15389K, committed 15872K, reserved 1048576K
}
Event: 43.803 GC heap before
{Heap before GC invocations=52 (full 0):
 garbage-first heap   total 266240K, used 224793K [0x0000000080000000, 0x0000000100000000)
  region size 1024K, 46 young (47104K), 5 survivors (5120K)
 Metaspace       used 118284K, committed 119296K, reserved 1179648K
  class space    used 15651K, committed 16192K, reserved 1048576K
}
Event: 43.835 GC heap after
{Heap after GC invocations=53 (full 0):
 garbage-first heap   total 266240K, used 186067K [0x0000000080000000, 0x0000000100000000)
  region size 1024K, 5 young (5120K), 5 survivors (5120K)
 Metaspace       used 118284K, committed 119296K, reserved 1179648K
  class space    used 15651K, committed 16192K, reserved 1048576K
}
Event: 44.605 GC heap before
{Heap before GC invocations=53 (full 0):
 garbage-first heap   total 266240K, used 226003K [0x0000000080000000, 0x0000000100000000)
  region size 1024K, 45 young (46080K), 5 survivors (5120K)
 Metaspace       used 119509K, committed 120640K, reserved 1179648K
  class space    used 15822K, committed 16384K, reserved 1048576K
}
Event: 44.614 GC heap after
{Heap after GC invocations=54 (full 0):
 garbage-first heap   total 266240K, used 190135K [0x0000000080000000, 0x0000000100000000)
  region size 1024K, 6 young (6144K), 6 survivors (6144K)
 Metaspace       used 119509K, committed 120640K, reserved 1179648K
  class space    used 15822K, committed 16384K, reserved 1048576K
}
Event: 45.081 GC heap before
{Heap before GC invocations=54 (full 0):
 garbage-first heap   total 266240K, used 226999K [0x0000000080000000, 0x0000000100000000)
  region size 1024K, 43 young (44032K), 6 survivors (6144K)
 Metaspace       used 121238K, committed 122240K, reserved 1179648K
  class space    used 16062K, committed 16576K, reserved 1048576K
}
Event: 45.097 GC heap after
{Heap after GC invocations=55 (full 0):
 garbage-first heap   total 266240K, used 194665K [0x0000000080000000, 0x0000000100000000)
  region size 1024K, 5 young (5120K), 5 survivors (5120K)
 Metaspace       used 121238K, committed 122240K, reserved 1179648K
  class space    used 16062K, committed 16576K, reserved 1048576K
}
Event: 45.284 GC heap before
{Heap before GC invocations=55 (full 0):
 garbage-first heap   total 266240K, used 227433K [0x0000000080000000, 0x0000000100000000)
  region size 1024K, 38 young (38912K), 5 survivors (5120K)
 Metaspace       used 121390K, committed 122496K, reserved 1179648K
  class space    used 16073K, committed 16640K, reserved 1048576K
}
Event: 45.295 GC heap after
{Heap after GC invocations=56 (full 0):
 garbage-first heap   total 319488K, used 199502K [0x0000000080000000, 0x0000000100000000)
  region size 1024K, 5 young (5120K), 5 survivors (5120K)
 Metaspace       used 121390K, committed 122496K, reserved 1179648K
  class space    used 16073K, committed 16640K, reserved 1048576K
}
Event: 45.647 GC heap before
{Heap before GC invocations=56 (full 0):
 garbage-first heap   total 319488K, used 261966K [0x0000000080000000, 0x0000000100000000)
  region size 1024K, 67 young (68608K), 5 survivors (5120K)
 Metaspace       used 121645K, committed 122752K, reserved 1179648K
  class space    used 16097K, committed 16640K, reserved 1048576K
}
Event: 45.661 GC heap after
{Heap after GC invocations=57 (full 0):
 garbage-first heap   total 319488K, used 205287K [0x0000000080000000, 0x0000000100000000)
  region size 1024K, 7 young (7168K), 7 survivors (7168K)
 Metaspace       used 121645K, committed 122752K, reserved 1179648K
  class space    used 16097K, committed 16640K, reserved 1048576K
}
Event: 45.848 GC heap before
{Heap before GC invocations=57 (full 0):
 garbage-first heap   total 319488K, used 264679K [0x0000000080000000, 0x0000000100000000)
  region size 1024K, 66 young (67584K), 7 survivors (7168K)
 Metaspace       used 121779K, committed 122816K, reserved 1179648K
  class space    used 16110K, committed 16640K, reserved 1048576K
}
Event: 45.856 GC heap after
{Heap after GC invocations=58 (full 0):
 garbage-first heap   total 319488K, used 209285K [0x0000000080000000, 0x0000000100000000)
  region size 1024K, 7 young (7168K), 7 survivors (7168K)
 Metaspace       used 121779K, committed 122816K, reserved 1179648K
  class space    used 16110K, committed 16640K, reserved 1048576K
}
Event: 45.979 GC heap before
{Heap before GC invocations=58 (full 0):
 garbage-first heap   total 319488K, used 242053K [0x0000000080000000, 0x0000000100000000)
  region size 1024K, 41 young (41984K), 7 survivors (7168K)
 Metaspace       used 121908K, committed 122880K, reserved 1179648K
  class space    used 16130K, committed 16640K, reserved 1048576K
}
Event: 45.994 GC heap after
{Heap after GC invocations=59 (full 0):
 garbage-first heap   total 319488K, used 211324K [0x0000000080000000, 0x0000000100000000)
  region size 1024K, 5 young (5120K), 5 survivors (5120K)
 Metaspace       used 121908K, committed 122880K, reserved 1179648K
  class space    used 16130K, committed 16640K, reserved 1048576K
}
Event: 46.360 GC heap before
{Heap before GC invocations=59 (full 0):
 garbage-first heap   total 444416K, used 264572K [0x0000000080000000, 0x0000000100000000)
  region size 1024K, 58 young (59392K), 5 survivors (5120K)
 Metaspace       used 121967K, committed 123072K, reserved 1179648K
  class space    used 16137K, committed 16704K, reserved 1048576K
}

