# JRE version: OpenJDK Runtime Environment (17.0.9) (build 17.0.9+0--11185874)
# Java VM: OpenJDK 64-Bit Server VM (17.0.9+0--11185874, mixed mode, tiered, compressed oops, compressed class ptrs, g1 gc, windows-amd64)
GC Precious Log:
 CPUs: 8 total, 8 available
 Memory: 16179M
 Large Page Support: Disabled
 NUMA Support: Disabled
 Compressed Oops: Enabled (32-bit)
 Heap Region Size: 1M
 Heap Min Capacity: 8M
 Heap Initial Capacity: 254M
 Heap Max Capacity: 2G
 Pre-touch: Disabled
 Parallel Workers: 8
 Concurrent Workers: 2
 Concurrent Refinement Workers: 8
 Periodic GC: Disabled
Heap:
 garbage-first heap   total 307200K, used 159088K [0x0000000080000000, 0x0000000100000000)
  region size 1024K, 4 young (4096K), 4 survivors (4096K)
 Metaspace       used 106786K, committed 107648K, reserved 1179648K
  class space    used 14464K, committed 14848K, reserved 1048576K
GC Heap History (20 events):
Event: 12.294 GC heap after
{Heap after GC invocations=55 (full 0):
 garbage-first heap   total 215040K, used 148998K [0x0000000080000000, 0x0000000100000000)
  region size 1024K, 4 young (4096K), 4 survivors (4096K)
 Metaspace       used 97162K, committed 97920K, reserved 1179648K
  class space    used 13206K, committed 13568K, reserved 1048576K
}
Event: 12.406 GC heap before
{Heap before GC invocations=55 (full 0):
 garbage-first heap   total 215040K, used 182790K [0x0000000080000000, 0x0000000100000000)
  region size 1024K, 37 young (37888K), 4 survivors (4096K)
 Metaspace       used 97162K, committed 97920K, reserved 1179648K
  class space    used 13206K, committed 13568K, reserved 1048576K
}
Event: 12.408 GC heap after
{Heap after GC invocations=56 (full 0):
 garbage-first heap   total 215040K, used 149558K [0x0000000080000000, 0x0000000100000000)
  region size 1024K, 4 young (4096K), 4 survivors (4096K)
 Metaspace       used 97162K, committed 97920K, reserved 1179648K
  class space    used 13206K, committed 13568K, reserved 1048576K
}
Event: 12.520 GC heap before
{Heap before GC invocations=56 (full 0):
 garbage-first heap   total 215040K, used 184374K [0x0000000080000000, 0x0000000100000000)
  region size 1024K, 38 young (38912K), 4 survivors (4096K)
 Metaspace       used 97162K, committed 97920K, reserved 1179648K
  class space    used 13206K, committed 13568K, reserved 1048576K
}
Event: 12.522 GC heap after
{Heap after GC invocations=57 (full 0):
 garbage-first heap   total 215040K, used 150222K [0x0000000080000000, 0x0000000100000000)
  region size 1024K, 4 young (4096K), 4 survivors (4096K)
 Metaspace       used 97162K, committed 97920K, reserved 1179648K
  class space    used 13206K, committed 13568K, reserved 1048576K
}
Event: 12.633 GC heap before
{Heap before GC invocations=57 (full 0):
 garbage-first heap   total 215040K, used 184014K [0x0000000080000000, 0x0000000100000000)
  region size 1024K, 37 young (37888K), 4 survivors (4096K)
 Metaspace       used 97162K, committed 97920K, reserved 1179648K
  class space    used 13206K, committed 13568K, reserved 1048576K
}
Event: 12.635 GC heap after
{Heap after GC invocations=58 (full 0):
 garbage-first heap   total 215040K, used 150835K [0x0000000080000000, 0x0000000100000000)
  region size 1024K, 4 young (4096K), 4 survivors (4096K)
 Metaspace       used 97162K, committed 97920K, reserved 1179648K
  class space    used 13206K, committed 13568K, reserved 1048576K
}
Event: 12.744 GC heap before
{Heap before GC invocations=58 (full 0):
 garbage-first heap   total 215040K, used 183603K [0x0000000080000000, 0x0000000100000000)
  region size 1024K, 36 young (36864K), 4 survivors (4096K)
 Metaspace       used 97162K, committed 97920K, reserved 1179648K
  class space    used 13206K, committed 13568K, reserved 1048576K
}
Event: 12.745 GC heap after
{Heap after GC invocations=59 (full 0):
 garbage-first heap   total 215040K, used 151388K [0x0000000080000000, 0x0000000100000000)
  region size 1024K, 4 young (4096K), 4 survivors (4096K)
 Metaspace       used 97162K, committed 97920K, reserved 1179648K
  class space    used 13206K, committed 13568K, reserved 1048576K
}
Event: 12.895 GC heap before
{Heap before GC invocations=59 (full 0):
 garbage-first heap   total 215040K, used 184156K [0x0000000080000000, 0x0000000100000000)
  region size 1024K, 36 young (36864K), 4 survivors (4096K)
 Metaspace       used 97162K, committed 97920K, reserved 1179648K
  class space    used 13206K, committed 13568K, reserved 1048576K
}
Event: 12.897 GC heap after
{Heap after GC invocations=60 (full 0):
 garbage-first heap   total 215040K, used 152187K [0x0000000080000000, 0x0000000100000000)
  region size 1024K, 4 young (4096K), 4 survivors (4096K)
 Metaspace       used 97162K, committed 97920K, reserved 1179648K
  class space    used 13206K, committed 13568K, reserved 1048576K
}
Event: 13.029 GC heap before
{Heap before GC invocations=60 (full 0):
 garbage-first heap   total 215040K, used 183931K [0x0000000080000000, 0x0000000100000000)
  region size 1024K, 35 young (35840K), 4 survivors (4096K)
 Metaspace       used 97171K, committed 97920K, reserved 1179648K
  class space    used 13206K, committed 13568K, reserved 1048576K
}
Event: 13.031 GC heap after
{Heap after GC invocations=61 (full 0):
 garbage-first heap   total 215040K, used 152831K [0x0000000080000000, 0x0000000100000000)
  region size 1024K, 4 young (4096K), 4 survivors (4096K)
 Metaspace       used 97171K, committed 97920K, reserved 1179648K
  class space    used 13206K, committed 13568K, reserved 1048576K
}
Event: 13.163 GC heap before
{Heap before GC invocations=61 (full 0):
 garbage-first heap   total 215040K, used 194815K [0x0000000080000000, 0x0000000100000000)
  region size 1024K, 34 young (34816K), 4 survivors (4096K)
 Metaspace       used 97210K, committed 97920K, reserved 1179648K
  class space    used 13217K, committed 13568K, reserved 1048576K
}
Event: 13.165 GC heap after
{Heap after GC invocations=62 (full 0):
 garbage-first heap   total 215040K, used 165594K [0x0000000080000000, 0x0000000100000000)
  region size 1024K, 4 young (4096K), 4 survivors (4096K)
 Metaspace       used 97210K, committed 97920K, reserved 1179648K
  class space    used 13217K, committed 13568K, reserved 1048576K
}
Event: 13.287 GC heap before
{Heap before GC invocations=63 (full 0):
 garbage-first heap   total 307200K, used 187098K [0x0000000080000000, 0x0000000100000000)
  region size 1024K, 23 young (23552K), 4 survivors (4096K)
 Metaspace       used 97353K, committed 98112K, reserved 1179648K
  class space    used 13234K, committed 13632K, reserved 1048576K
}
Event: 13.294 GC heap after
{Heap after GC invocations=64 (full 0):
 garbage-first heap   total 307200K, used 157871K [0x0000000080000000, 0x0000000100000000)
  region size 1024K, 3 young (3072K), 3 survivors (3072K)
 Metaspace       used 97353K, committed 98112K, reserved 1179648K
  class space    used 13234K, committed 13632K, reserved 1048576K
}
Event: 13.396 GC heap before
{Heap before GC invocations=64 (full 0):
 garbage-first heap   total 307200K, used 171183K [0x0000000080000000, 0x0000000100000000)
  region size 1024K, 15 young (15360K), 3 survivors (3072K)
 Metaspace       used 99207K, committed 99968K, reserved 1179648K
  class space    used 13383K, committed 13760K, reserved 1048576K
}
Event: 13.400 GC heap after
{Heap after GC invocations=65 (full 0):
 garbage-first heap   total 307200K, used 156451K [0x0000000080000000, 0x0000000100000000)
  region size 1024K, 1 young (1024K), 1 survivors (1024K)
 Metaspace       used 99207K, committed 99968K, reserved 1179648K
  class space    used 13383K, committed 13760K, reserved 1048576K
}
Event: 14.109 GC heap before
{Heap before GC invocations=65 (full 0):
 garbage-first heap   total 307200K, used 230179K [0x0000000080000000, 0x0000000100000000)
  region size 1024K, 73 young (74752K), 1 survivors (1024K)
 Metaspace       used 106786K, committed 107648K, reserved 1179648K
  class space    used 14464K, committed 14848K, reserved 1048576K
}

