# JRE version: OpenJDK Runtime Environment (17.0.9) (build 17.0.9+0--11185874)
# Java VM: OpenJDK 64-Bit Server VM (17.0.9+0--11185874, mixed mode, tiered, compressed oops, compressed class ptrs, g1 gc, windows-amd64)
GC Precious Log:
 CPUs: 8 total, 8 available
 Memory: 16179M
 Large Page Support: Disabled
 NUMA Support: Disabled
 Compressed Oops: Enabled (32-bit)
 Heap Region Size: 1M
 Heap Min Capacity: 8M
 Heap Initial Capacity: 254M
 Heap Max Capacity: 2G
 Pre-touch: Disabled
 Parallel Workers: 8
 Concurrent Workers: 2
 Concurrent Refinement Workers: 8
 Periodic GC: Disabled
Heap:
 garbage-first heap   total 276480K, used 117005K [0x0000000080000000, 0x0000000100000000)
  region size 1024K, 2 young (2048K), 2 survivors (2048K)
 Metaspace       used 107650K, committed 108544K, reserved 1179648K
  class space    used 14306K, committed 14720K, reserved 1048576K
GC Heap History (20 events):
Event: 46.253 GC heap after
{Heap after GC invocations=43 (full 0):
 garbage-first heap   total 258048K, used 119254K [0x0000000080000000, 0x0000000100000000)
  region size 1024K, 14 young (14336K), 14 survivors (14336K)
 Metaspace       used 105862K, committed 106688K, reserved 1179648K
  class space    used 14202K, committed 14592K, reserved 1048576K
}
Event: 46.257 GC heap before
{Heap before GC invocations=43 (full 0):
 garbage-first heap   total 258048K, used 120278K [0x0000000080000000, 0x0000000100000000)
  region size 1024K, 15 young (15360K), 14 survivors (14336K)
 Metaspace       used 105862K, committed 106688K, reserved 1179648K
  class space    used 14202K, committed 14592K, reserved 1048576K
}
Event: 46.267 GC heap after
{Heap after GC invocations=44 (full 0):
 garbage-first heap   total 258048K, used 118424K [0x0000000080000000, 0x0000000100000000)
  region size 1024K, 2 young (2048K), 2 survivors (2048K)
 Metaspace       used 105862K, committed 106688K, reserved 1179648K
  class space    used 14202K, committed 14592K, reserved 1048576K
}
Event: 54.905 GC heap before
{Heap before GC invocations=44 (full 0):
 garbage-first heap   total 258048K, used 207512K [0x0000000080000000, 0x0000000100000000)
  region size 1024K, 89 young (91136K), 2 survivors (2048K)
 Metaspace       used 106337K, committed 107136K, reserved 1179648K
  class space    used 14232K, committed 14592K, reserved 1048576K
}
Event: 54.914 GC heap after
{Heap after GC invocations=45 (full 0):
 garbage-first heap   total 258048K, used 126694K [0x0000000080000000, 0x0000000100000000)
  region size 1024K, 11 young (11264K), 11 survivors (11264K)
 Metaspace       used 106337K, committed 107136K, reserved 1179648K
  class space    used 14232K, committed 14592K, reserved 1048576K
}
Event: 63.591 GC heap before
{Heap before GC invocations=46 (full 0):
 garbage-first heap   total 258048K, used 205542K [0x0000000080000000, 0x0000000100000000)
  region size 1024K, 88 young (90112K), 11 survivors (11264K)
 Metaspace       used 106585K, committed 107456K, reserved 1179648K
  class space    used 14249K, committed 14656K, reserved 1048576K
}
Event: 63.598 GC heap after
{Heap after GC invocations=47 (full 0):
 garbage-first heap   total 258048K, used 123652K [0x0000000080000000, 0x0000000100000000)
  region size 1024K, 5 young (5120K), 5 survivors (5120K)
 Metaspace       used 106585K, committed 107456K, reserved 1179648K
  class space    used 14249K, committed 14656K, reserved 1048576K
}
Event: 63.659 GC heap before
{Heap before GC invocations=47 (full 0):
 garbage-first heap   total 258048K, used 130820K [0x0000000080000000, 0x0000000100000000)
  region size 1024K, 12 young (12288K), 5 survivors (5120K)
 Metaspace       used 106641K, committed 107520K, reserved 1179648K
  class space    used 14251K, committed 14656K, reserved 1048576K
}
Event: 63.676 GC heap after
{Heap after GC invocations=48 (full 0):
 garbage-first heap   total 258048K, used 116692K [0x0000000080000000, 0x0000000100000000)
  region size 1024K, 2 young (2048K), 2 survivors (2048K)
 Metaspace       used 106641K, committed 107520K, reserved 1179648K
  class space    used 14251K, committed 14656K, reserved 1048576K
}
Event: 70.497 GC heap before
{Heap before GC invocations=48 (full 0):
 garbage-first heap   total 258048K, used 207828K [0x0000000080000000, 0x0000000100000000)
  region size 1024K, 91 young (93184K), 2 survivors (2048K)
 Metaspace       used 107024K, committed 107968K, reserved 1179648K
  class space    used 14287K, committed 14720K, reserved 1048576K
}
Event: 70.507 GC heap after
{Heap after GC invocations=49 (full 0):
 garbage-first heap   total 258048K, used 125426K [0x0000000080000000, 0x0000000100000000)
  region size 1024K, 11 young (11264K), 11 survivors (11264K)
 Metaspace       used 107024K, committed 107968K, reserved 1179648K
  class space    used 14287K, committed 14720K, reserved 1048576K
}
Event: 70.987 GC heap before
{Heap before GC invocations=49 (full 0):
 garbage-first heap   total 258048K, used 207346K [0x0000000080000000, 0x0000000100000000)
  region size 1024K, 91 young (93184K), 11 survivors (11264K)
 Metaspace       used 107200K, committed 108096K, reserved 1179648K
  class space    used 14288K, committed 14720K, reserved 1048576K
}
Event: 71.005 GC heap after
{Heap after GC invocations=50 (full 0):
 garbage-first heap   total 258048K, used 135028K [0x0000000080000000, 0x0000000100000000)
  region size 1024K, 10 young (10240K), 10 survivors (10240K)
 Metaspace       used 107200K, committed 108096K, reserved 1179648K
  class space    used 14288K, committed 14720K, reserved 1048576K
}
Event: 141.189 GC heap before
{Heap before GC invocations=50 (full 0):
 garbage-first heap   total 258048K, used 206708K [0x0000000080000000, 0x0000000100000000)
  region size 1024K, 81 young (82944K), 10 survivors (10240K)
 Metaspace       used 107513K, committed 108416K, reserved 1179648K
  class space    used 14304K, committed 14720K, reserved 1048576K
}
Event: 141.243 GC heap after
{Heap after GC invocations=51 (full 0):
 garbage-first heap   total 258048K, used 144444K [0x0000000080000000, 0x0000000100000000)
  region size 1024K, 10 young (10240K), 10 survivors (10240K)
 Metaspace       used 107513K, committed 108416K, reserved 1179648K
  class space    used 14304K, committed 14720K, reserved 1048576K
}
Event: 150.674 GC heap before
{Heap before GC invocations=52 (full 0):
 garbage-first heap   total 276480K, used 206908K [0x0000000080000000, 0x0000000100000000)
  region size 1024K, 72 young (73728K), 10 survivors (10240K)
 Metaspace       used 107633K, committed 108544K, reserved 1179648K
  class space    used 14306K, committed 14720K, reserved 1048576K
}
Event: 150.682 GC heap after
{Heap after GC invocations=53 (full 0):
 garbage-first heap   total 276480K, used 138087K [0x0000000080000000, 0x0000000100000000)
  region size 1024K, 3 young (3072K), 3 survivors (3072K)
 Metaspace       used 107633K, committed 108544K, reserved 1179648K
  class space    used 14306K, committed 14720K, reserved 1048576K
}
Event: 150.755 GC heap before
{Heap before GC invocations=53 (full 0):
 garbage-first heap   total 276480K, used 148327K [0x0000000080000000, 0x0000000100000000)
  region size 1024K, 13 young (13312K), 3 survivors (3072K)
 Metaspace       used 107633K, committed 108544K, reserved 1179648K
  class space    used 14306K, committed 14720K, reserved 1048576K
}
Event: 150.778 GC heap after
{Heap after GC invocations=54 (full 0):
 garbage-first heap   total 276480K, used 118225K [0x0000000080000000, 0x0000000100000000)
  region size 1024K, 2 young (2048K), 2 survivors (2048K)
 Metaspace       used 107633K, committed 108544K, reserved 1179648K
  class space    used 14306K, committed 14720K, reserved 1048576K
}
Event: 150.824 GC heap before
{Heap before GC invocations=54 (full 0):
 garbage-first heap   total 276480K, used 128465K [0x0000000080000000, 0x0000000100000000)
  region size 1024K, 13 young (13312K), 2 survivors (2048K)
 Metaspace       used 107650K, committed 108544K, reserved 1179648K
  class space    used 14306K, committed 14720K, reserved 1048576K
}

